ASSERTION	AAEDAAEBAQAAAAAAAHCnQA==
ASSERTION	AAECAAIBAAAAAAAAAPA/
RUN	parabank.PagoDeServicios	pagodeservicios	1746056568863	 	3.3.1
USER	Pago de servicios con concurrencia alta	13	START	1746056570651	1746056570651
USER	Pago de servicios con concurrencia alta	11	START	1746056570651	1746056570651
USER	Pago de servicios con concurrencia alta	21	START	1746056570655	1746056570655
USER	Pago de servicios con concurrencia alta	9	START	1746056570650	1746056570650
USER	Pago de servicios con concurrencia alta	8	START	1746056570650	1746056570650
USER	Pago de servicios con concurrencia alta	3	START	1746056570649	1746056570649
USER	Pago de servicios con concurrencia alta	17	START	1746056570654	1746056570654
USER	Pago de servicios con concurrencia alta	12	START	1746056570651	1746056570651
USER	Pago de servicios con concurrencia alta	28	START	1746056570798	1746056570798
USER	Pago de servicios con concurrencia alta	26	START	1746056570798	1746056570798
USER	Pago de servicios con concurrencia alta	29	START	1746056570798	1746056570798
USER	Pago de servicios con concurrencia alta	27	START	1746056570798	1746056570798
USER	Pago de servicios con concurrencia alta	30	START	1746056570799	1746056570799
USER	Pago de servicios con concurrencia alta	34	START	1746056570799	1746056570799
USER	Pago de servicios con concurrencia alta	35	START	1746056570799	1746056570799
USER	Pago de servicios con concurrencia alta	36	START	1746056570799	1746056570799
USER	Pago de servicios con concurrencia alta	33	START	1746056570799	1746056570799
USER	Pago de servicios con concurrencia alta	32	START	1746056570799	1746056570799
USER	Pago de servicios con concurrencia alta	37	START	1746056570800	1746056570800
USER	Pago de servicios con concurrencia alta	38	START	1746056570800	1746056570800
USER	Pago de servicios con concurrencia alta	40	START	1746056570800	1746056570800
USER	Pago de servicios con concurrencia alta	42	START	1746056570800	1746056570800
USER	Pago de servicios con concurrencia alta	41	START	1746056570800	1746056570800
USER	Pago de servicios con concurrencia alta	31	START	1746056570799	1746056570799
USER	Pago de servicios con concurrencia alta	43	START	1746056570801	1746056570801
USER	Pago de servicios con concurrencia alta	44	START	1746056570801	1746056570801
USER	Pago de servicios con concurrencia alta	47	START	1746056570802	1746056570802
USER	Pago de servicios con concurrencia alta	39	START	1746056570800	1746056570800
USER	Pago de servicios con concurrencia alta	46	START	1746056570802	1746056570802
USER	Pago de servicios con concurrencia alta	48	START	1746056570802	1746056570802
USER	Pago de servicios con concurrencia alta	49	START	1746056570802	1746056570802
USER	Pago de servicios con concurrencia alta	51	START	1746056570802	1746056570802
USER	Pago de servicios con concurrencia alta	50	START	1746056570802	1746056570802
USER	Pago de servicios con concurrencia alta	52	START	1746056570802	1746056570802
USER	Pago de servicios con concurrencia alta	53	START	1746056570803	1746056570803
USER	Pago de servicios con concurrencia alta	54	START	1746056570803	1746056570803
USER	Pago de servicios con concurrencia alta	45	START	1746056570801	1746056570801
USER	Pago de servicios con concurrencia alta	56	START	1746056570803	1746056570803
USER	Pago de servicios con concurrencia alta	58	START	1746056570803	1746056570803
USER	Pago de servicios con concurrencia alta	55	START	1746056570803	1746056570803
USER	Pago de servicios con concurrencia alta	57	START	1746056570803	1746056570803
USER	Pago de servicios con concurrencia alta	62	START	1746056570804	1746056570804
USER	Pago de servicios con concurrencia alta	61	START	1746056570804	1746056570804
USER	Pago de servicios con concurrencia alta	59	START	1746056570803	1746056570803
USER	Pago de servicios con concurrencia alta	64	START	1746056570804	1746056570804
USER	Pago de servicios con concurrencia alta	63	START	1746056570804	1746056570804
USER	Pago de servicios con concurrencia alta	66	START	1746056570805	1746056570805
USER	Pago de servicios con concurrencia alta	68	START	1746056570805	1746056570805
USER	Pago de servicios con concurrencia alta	60	START	1746056570804	1746056570804
USER	Pago de servicios con concurrencia alta	69	START	1746056570805	1746056570805
USER	Pago de servicios con concurrencia alta	65	START	1746056570805	1746056570805
USER	Pago de servicios con concurrencia alta	70	START	1746056570806	1746056570806
USER	Pago de servicios con concurrencia alta	67	START	1746056570805	1746056570805
USER	Pago de servicios con concurrencia alta	71	START	1746056570806	1746056570806
USER	Pago de servicios con concurrencia alta	72	START	1746056570806	1746056570806
USER	Pago de servicios con concurrencia alta	75	START	1746056570806	1746056570806
USER	Pago de servicios con concurrencia alta	74	START	1746056570806	1746056570806
USER	Pago de servicios con concurrencia alta	76	START	1746056570807	1746056570807
USER	Pago de servicios con concurrencia alta	79	START	1746056570807	1746056570807
USER	Pago de servicios con concurrencia alta	80	START	1746056570807	1746056570807
USER	Pago de servicios con concurrencia alta	81	START	1746056570808	1746056570808
USER	Pago de servicios con concurrencia alta	82	START	1746056570808	1746056570808
USER	Pago de servicios con concurrencia alta	73	START	1746056570806	1746056570806
USER	Pago de servicios con concurrencia alta	77	START	1746056570807	1746056570807
USER	Pago de servicios con concurrencia alta	85	START	1746056570808	1746056570808
USER	Pago de servicios con concurrencia alta	86	START	1746056570808	1746056570808
USER	Pago de servicios con concurrencia alta	83	START	1746056570808	1746056570808
USER	Pago de servicios con concurrencia alta	10	START	1746056570651	1746056570651
USER	Pago de servicios con concurrencia alta	87	START	1746056570809	1746056570809
USER	Pago de servicios con concurrencia alta	84	START	1746056570808	1746056570808
USER	Pago de servicios con concurrencia alta	88	START	1746056570809	1746056570809
USER	Pago de servicios con concurrencia alta	89	START	1746056570809	1746056570809
USER	Pago de servicios con concurrencia alta	90	START	1746056570809	1746056570809
USER	Pago de servicios con concurrencia alta	92	START	1746056570810	1746056570810
USER	Pago de servicios con concurrencia alta	93	START	1746056570810	1746056570810
USER	Pago de servicios con concurrencia alta	94	START	1746056570810	1746056570810
USER	Pago de servicios con concurrencia alta	96	START	1746056570810	1746056570810
USER	Pago de servicios con concurrencia alta	97	START	1746056570810	1746056570810
USER	Pago de servicios con concurrencia alta	78	START	1746056570807	1746056570807
USER	Pago de servicios con concurrencia alta	95	START	1746056570810	1746056570810
USER	Pago de servicios con concurrencia alta	98	START	1746056570811	1746056570811
USER	Pago de servicios con concurrencia alta	91	START	1746056570809	1746056570809
USER	Pago de servicios con concurrencia alta	100	START	1746056570811	1746056570811
USER	Pago de servicios con concurrencia alta	104	START	1746056570811	1746056570811
USER	Pago de servicios con concurrencia alta	102	START	1746056570811	1746056570811
USER	Pago de servicios con concurrencia alta	105	START	1746056570811	1746056570811
USER	Pago de servicios con concurrencia alta	103	START	1746056570811	1746056570811
USER	Pago de servicios con concurrencia alta	101	START	1746056570811	1746056570811
USER	Pago de servicios con concurrencia alta	14	START	1746056570652	1746056570652
USER	Pago de servicios con concurrencia alta	108	START	1746056570812	1746056570812
USER	Pago de servicios con concurrencia alta	109	START	1746056570812	1746056570812
USER	Pago de servicios con concurrencia alta	111	START	1746056570812	1746056570812
USER	Pago de servicios con concurrencia alta	110	START	1746056570812	1746056570812
USER	Pago de servicios con concurrencia alta	112	START	1746056570813	1746056570813
USER	Pago de servicios con concurrencia alta	113	START	1746056570813	1746056570813
USER	Pago de servicios con concurrencia alta	114	START	1746056570813	1746056570813
USER	Pago de servicios con concurrencia alta	118	START	1746056570813	1746056570813
USER	Pago de servicios con concurrencia alta	115	START	1746056570813	1746056570813
USER	Pago de servicios con concurrencia alta	117	START	1746056570813	1746056570813
USER	Pago de servicios con concurrencia alta	119	START	1746056570814	1746056570814
USER	Pago de servicios con concurrencia alta	120	START	1746056570814	1746056570814
USER	Pago de servicios con concurrencia alta	4	START	1746056570649	1746056570649
USER	Pago de servicios con concurrencia alta	122	START	1746056570815	1746056570815
USER	Pago de servicios con concurrencia alta	121	START	1746056570815	1746056570815
USER	Pago de servicios con concurrencia alta	124	START	1746056570815	1746056570815
USER	Pago de servicios con concurrencia alta	126	START	1746056570815	1746056570815
USER	Pago de servicios con concurrencia alta	127	START	1746056570816	1746056570816
USER	Pago de servicios con concurrencia alta	116	START	1746056570813	1746056570813
USER	Pago de servicios con concurrencia alta	106	START	1746056570812	1746056570812
USER	Pago de servicios con concurrencia alta	107	START	1746056570812	1746056570812
USER	Pago de servicios con concurrencia alta	130	START	1746056570816	1746056570816
USER	Pago de servicios con concurrencia alta	129	START	1746056570816	1746056570816
USER	Pago de servicios con concurrencia alta	128	START	1746056570816	1746056570816
USER	Pago de servicios con concurrencia alta	134	START	1746056570817	1746056570817
USER	Pago de servicios con concurrencia alta	133	START	1746056570817	1746056570817
USER	Pago de servicios con concurrencia alta	135	START	1746056570817	1746056570817
USER	Pago de servicios con concurrencia alta	136	START	1746056570817	1746056570817
USER	Pago de servicios con concurrencia alta	125	START	1746056570815	1746056570815
USER	Pago de servicios con concurrencia alta	138	START	1746056570818	1746056570818
USER	Pago de servicios con concurrencia alta	123	START	1746056570815	1746056570815
USER	Pago de servicios con concurrencia alta	139	START	1746056570818	1746056570818
USER	Pago de servicios con concurrencia alta	140	START	1746056570818	1746056570818
USER	Pago de servicios con concurrencia alta	142	START	1746056570818	1746056570818
USER	Pago de servicios con concurrencia alta	143	START	1746056570818	1746056570818
USER	Pago de servicios con concurrencia alta	144	START	1746056570818	1746056570818
USER	Pago de servicios con concurrencia alta	146	START	1746056570819	1746056570819
USER	Pago de servicios con concurrencia alta	145	START	1746056570819	1746056570819
USER	Pago de servicios con concurrencia alta	141	START	1746056570818	1746056570818
USER	Pago de servicios con concurrencia alta	148	START	1746056570819	1746056570819
USER	Pago de servicios con concurrencia alta	151	START	1746056570820	1746056570820
USER	Pago de servicios con concurrencia alta	150	START	1746056570820	1746056570820
USER	Pago de servicios con concurrencia alta	149	START	1746056570820	1746056570820
USER	Pago de servicios con concurrencia alta	152	START	1746056570821	1746056570821
USER	Pago de servicios con concurrencia alta	153	START	1746056570821	1746056570821
USER	Pago de servicios con concurrencia alta	137	START	1746056570817	1746056570817
USER	Pago de servicios con concurrencia alta	156	START	1746056570821	1746056570821
USER	Pago de servicios con concurrencia alta	155	START	1746056570821	1746056570821
USER	Pago de servicios con concurrencia alta	154	START	1746056570821	1746056570821
USER	Pago de servicios con concurrencia alta	159	START	1746056570822	1746056570822
USER	Pago de servicios con concurrencia alta	158	START	1746056570822	1746056570822
USER	Pago de servicios con concurrencia alta	162	START	1746056570822	1746056570822
USER	Pago de servicios con concurrencia alta	160	START	1746056570822	1746056570822
USER	Pago de servicios con concurrencia alta	163	START	1746056570823	1746056570823
USER	Pago de servicios con concurrencia alta	132	START	1746056570817	1746056570817
USER	Pago de servicios con concurrencia alta	165	START	1746056570823	1746056570823
USER	Pago de servicios con concurrencia alta	164	START	1746056570823	1746056570823
USER	Pago de servicios con concurrencia alta	166	START	1746056570824	1746056570824
USER	Pago de servicios con concurrencia alta	167	START	1746056570824	1746056570824
USER	Pago de servicios con concurrencia alta	131	START	1746056570817	1746056570817
USER	Pago de servicios con concurrencia alta	169	START	1746056570824	1746056570824
USER	Pago de servicios con concurrencia alta	171	START	1746056570825	1746056570825
USER	Pago de servicios con concurrencia alta	172	START	1746056570825	1746056570825
USER	Pago de servicios con concurrencia alta	170	START	1746056570824	1746056570824
USER	Pago de servicios con concurrencia alta	168	START	1746056570824	1746056570824
USER	Pago de servicios con concurrencia alta	174	START	1746056570826	1746056570826
USER	Pago de servicios con concurrencia alta	175	START	1746056570826	1746056570826
USER	Pago de servicios con concurrencia alta	178	START	1746056570826	1746056570826
USER	Pago de servicios con concurrencia alta	176	START	1746056570826	1746056570826
USER	Pago de servicios con concurrencia alta	177	START	1746056570826	1746056570826
USER	Pago de servicios con concurrencia alta	173	START	1746056570825	1746056570825
USER	Pago de servicios con concurrencia alta	179	START	1746056570827	1746056570827
USER	Pago de servicios con concurrencia alta	99	START	1746056570811	1746056570811
USER	Pago de servicios con concurrencia alta	181	START	1746056570827	1746056570827
USER	Pago de servicios con concurrencia alta	182	START	1746056570827	1746056570827
USER	Pago de servicios con concurrencia alta	2	START	1746056570649	1746056570649
USER	Pago de servicios con concurrencia alta	183	START	1746056570828	1746056570828
USER	Pago de servicios con concurrencia alta	184	START	1746056570828	1746056570828
USER	Pago de servicios con concurrencia alta	180	START	1746056570827	1746056570827
USER	Pago de servicios con concurrencia alta	188	START	1746056570828	1746056570828
USER	Pago de servicios con concurrencia alta	189	START	1746056570828	1746056570828
USER	Pago de servicios con concurrencia alta	190	START	1746056570829	1746056570829
USER	Pago de servicios con concurrencia alta	191	START	1746056570829	1746056570829
USER	Pago de servicios con concurrencia alta	187	START	1746056570828	1746056570828
USER	Pago de servicios con concurrencia alta	193	START	1746056570830	1746056570830
USER	Pago de servicios con concurrencia alta	192	START	1746056570829	1746056570829
USER	Pago de servicios con concurrencia alta	195	START	1746056570830	1746056570830
USER	Pago de servicios con concurrencia alta	197	START	1746056570831	1746056570831
USER	Pago de servicios con concurrencia alta	198	START	1746056570831	1746056570831
USER	Pago de servicios con concurrencia alta	185	START	1746056570828	1746056570828
USER	Pago de servicios con concurrencia alta	199	START	1746056570831	1746056570831
USER	Pago de servicios con concurrencia alta	194	START	1746056570830	1746056570830
USER	Pago de servicios con concurrencia alta	196	START	1746056570830	1746056570830
USER	Pago de servicios con concurrencia alta	200	START	1746056570831	1746056570831
USER	Pago de servicios con concurrencia alta	147	START	1746056570819	1746056570819
USER	Pago de servicios con concurrencia alta	20	START	1746056570655	1746056570655
USER	Pago de servicios con concurrencia alta	6	START	1746056570650	1746056570650
USER	Pago de servicios con concurrencia alta	24	START	1746056570678	1746056570678
USER	Pago de servicios con concurrencia alta	22	START	1746056570655	1746056570655
USER	Pago de servicios con concurrencia alta	18	START	1746056570655	1746056570655
USER	Pago de servicios con concurrencia alta	23	START	1746056570656	1746056570656
USER	Pago de servicios con concurrencia alta	16	START	1746056570654	1746056570654
USER	Pago de servicios con concurrencia alta	1	START	1746056570649	1746056570649
USER	Pago de servicios con concurrencia alta	19	START	1746056570655	1746056570655
USER	Pago de servicios con concurrencia alta	161	START	1746056570822	1746056570822
USER	Pago de servicios con concurrencia alta	5	START	1746056570650	1746056570650
USER	Pago de servicios con concurrencia alta	157	START	1746056570822	1746056570822
USER	Pago de servicios con concurrencia alta	7	START	1746056570650	1746056570650
USER	Pago de servicios con concurrencia alta	15	START	1746056570652	1746056570652
USER	Pago de servicios con concurrencia alta	25	START	1746056570798	1746056570798
USER	Pago de servicios con concurrencia alta	186	START	1746056570828	1746056570828
REQUEST	24		PagoDeServicios	1746056570783	1746056571242	OK	 
REQUEST	6		PagoDeServicios	1746056570783	1746056571239	OK	 
REQUEST	1		PagoDeServicios	1746056570783	1746056571288	OK	 
USER	Pago de servicios con concurrencia alta	24	END	1746056570678	1746056571294
USER	Pago de servicios con concurrencia alta	1	END	1746056570649	1746056571294
USER	Pago de servicios con concurrencia alta	6	END	1746056570650	1746056571294
REQUEST	8		PagoDeServicios	1746056570783	1746056571299	OK	 
REQUEST	58		PagoDeServicios	1746056570804	1746056571299	OK	 
USER	Pago de servicios con concurrencia alta	58	END	1746056570803	1746056571301
USER	Pago de servicios con concurrencia alta	8	END	1746056570650	1746056571301
REQUEST	20		PagoDeServicios	1746056570783	1746056571310	OK	 
USER	Pago de servicios con concurrencia alta	20	END	1746056570655	1746056571312
REQUEST	52		PagoDeServicios	1746056570803	1746056571332	OK	 
USER	Pago de servicios con concurrencia alta	52	END	1746056570802	1746056571335
REQUEST	22		PagoDeServicios	1746056570783	1746056571377	OK	 
REQUEST	30		PagoDeServicios	1746056570799	1746056571378	OK	 
USER	Pago de servicios con concurrencia alta	30	END	1746056570799	1746056571380
USER	Pago de servicios con concurrencia alta	22	END	1746056570655	1746056571380
REQUEST	32		PagoDeServicios	1746056570800	1746056571384	OK	 
USER	Pago de servicios con concurrencia alta	32	END	1746056570799	1746056571386
REQUEST	17		PagoDeServicios	1746056570783	1746056571387	OK	 
USER	Pago de servicios con concurrencia alta	17	END	1746056570654	1746056571389
REQUEST	71		PagoDeServicios	1746056570806	1746056571394	OK	 
REQUEST	4		PagoDeServicios	1746056570783	1746056571398	OK	 
USER	Pago de servicios con concurrencia alta	71	END	1746056570806	1746056571396
USER	Pago de servicios con concurrencia alta	4	END	1746056570649	1746056571401
REQUEST	35		PagoDeServicios	1746056570800	1746056571407	OK	 
REQUEST	9		PagoDeServicios	1746056570783	1746056571407	OK	 
REQUEST	45		PagoDeServicios	1746056570803	1746056571407	OK	 
REQUEST	23		PagoDeServicios	1746056570783	1746056571407	OK	 
REQUEST	79		PagoDeServicios	1746056570807	1746056571407	OK	 
USER	Pago de servicios con concurrencia alta	35	END	1746056570799	1746056571409
USER	Pago de servicios con concurrencia alta	79	END	1746056570807	1746056571409
REQUEST	57		PagoDeServicios	1746056570804	1746056571410	OK	 
USER	Pago de servicios con concurrencia alta	9	END	1746056570650	1746056571409
USER	Pago de servicios con concurrencia alta	23	END	1746056570656	1746056571409
USER	Pago de servicios con concurrencia alta	45	END	1746056570801	1746056571410
REQUEST	55		PagoDeServicios	1746056570804	1746056571411	OK	 
USER	Pago de servicios con concurrencia alta	57	END	1746056570803	1746056571411
USER	Pago de servicios con concurrencia alta	55	END	1746056570803	1746056571412
REQUEST	44		PagoDeServicios	1746056570802	1746056571419	OK	 
USER	Pago de servicios con concurrencia alta	44	END	1746056570801	1746056571421
REQUEST	19		PagoDeServicios	1746056570783	1746056571423	OK	 
REQUEST	7		PagoDeServicios	1746056570783	1746056571423	OK	 
REQUEST	16		PagoDeServicios	1746056570783	1746056571423	OK	 
USER	Pago de servicios con concurrencia alta	19	END	1746056570655	1746056571424
USER	Pago de servicios con concurrencia alta	7	END	1746056570650	1746056571424
USER	Pago de servicios con concurrencia alta	16	END	1746056570654	1746056571424
REQUEST	13		PagoDeServicios	1746056570783	1746056571428	OK	 
USER	Pago de servicios con concurrencia alta	13	END	1746056570651	1746056571429
REQUEST	83		PagoDeServicios	1746056570809	1746056571439	OK	 
REQUEST	12		PagoDeServicios	1746056570783	1746056571439	OK	 
REQUEST	38		PagoDeServicios	1746056570800	1746056571439	OK	 
REQUEST	50		PagoDeServicios	1746056570803	1746056571439	OK	 
USER	Pago de servicios con concurrencia alta	38	END	1746056570800	1746056571440
USER	Pago de servicios con concurrencia alta	50	END	1746056570802	1746056571440
USER	Pago de servicios con concurrencia alta	12	END	1746056570651	1746056571440
USER	Pago de servicios con concurrencia alta	83	END	1746056570808	1746056571440
REQUEST	118		PagoDeServicios	1746056570814	1746056571442	OK	 
REQUEST	27		PagoDeServicios	1746056570799	1746056571442	OK	 
USER	Pago de servicios con concurrencia alta	118	END	1746056570813	1746056571443
USER	Pago de servicios con concurrencia alta	27	END	1746056570798	1746056571443
REQUEST	28		PagoDeServicios	1746056570799	1746056571454	OK	 
REQUEST	54		PagoDeServicios	1746056570803	1746056571454	OK	 
REQUEST	33		PagoDeServicios	1746056570799	1746056571454	OK	 
REQUEST	75		PagoDeServicios	1746056570807	1746056571454	OK	 
REQUEST	138		PagoDeServicios	1746056570818	1746056571454	OK	 
USER	Pago de servicios con concurrencia alta	75	END	1746056570806	1746056571455
USER	Pago de servicios con concurrencia alta	33	END	1746056570799	1746056571455
USER	Pago de servicios con concurrencia alta	138	END	1746056570818	1746056571456
USER	Pago de servicios con concurrencia alta	54	END	1746056570803	1746056571456
USER	Pago de servicios con concurrencia alta	28	END	1746056570798	1746056571456
REQUEST	40		PagoDeServicios	1746056570801	1746056571457	OK	 
USER	Pago de servicios con concurrencia alta	40	END	1746056570800	1746056571458
REQUEST	72		PagoDeServicios	1746056570807	1746056571463	OK	 
USER	Pago de servicios con concurrencia alta	72	END	1746056570806	1746056571464
REQUEST	47		PagoDeServicios	1746056570802	1746056571486	OK	 
REQUEST	29		PagoDeServicios	1746056570799	1746056571486	OK	 
REQUEST	195		PagoDeServicios	1746056570831	1746056571486	OK	 
USER	Pago de servicios con concurrencia alta	195	END	1746056570830	1746056571487
USER	Pago de servicios con concurrencia alta	47	END	1746056570802	1746056571487
USER	Pago de servicios con concurrencia alta	29	END	1746056570798	1746056571487
REQUEST	63		PagoDeServicios	1746056570805	1746056571487	OK	 
REQUEST	121		PagoDeServicios	1746056570815	1746056571487	OK	 
USER	Pago de servicios con concurrencia alta	63	END	1746056570804	1746056571488
USER	Pago de servicios con concurrencia alta	121	END	1746056570815	1746056571488
REQUEST	10		PagoDeServicios	1746056570783	1746056571489	OK	 
USER	Pago de servicios con concurrencia alta	10	END	1746056570651	1746056571490
REQUEST	18		PagoDeServicios	1746056570783	1746056571493	OK	 
REQUEST	49		PagoDeServicios	1746056570803	1746056571494	OK	 
USER	Pago de servicios con concurrencia alta	18	END	1746056570655	1746056571494
USER	Pago de servicios con concurrencia alta	49	END	1746056570802	1746056571495
REQUEST	42		PagoDeServicios	1746056570801	1746056571496	OK	 
USER	Pago de servicios con concurrencia alta	42	END	1746056570800	1746056571498
REQUEST	91		PagoDeServicios	1746056570811	1746056571503	OK	 
USER	Pago de servicios con concurrencia alta	91	END	1746056570809	1746056571504
REQUEST	98		PagoDeServicios	1746056570811	1746056571504	OK	 
REQUEST	43		PagoDeServicios	1746056570802	1746056571505	OK	 
USER	Pago de servicios con concurrencia alta	98	END	1746056570811	1746056571505
USER	Pago de servicios con concurrencia alta	43	END	1746056570801	1746056571506
REQUEST	89		PagoDeServicios	1746056570810	1746056571507	OK	 
USER	Pago de servicios con concurrencia alta	89	END	1746056570809	1746056571508
REQUEST	36		PagoDeServicios	1746056570800	1746056571509	OK	 
USER	Pago de servicios con concurrencia alta	36	END	1746056570799	1746056571510
REQUEST	60		PagoDeServicios	1746056570806	1746056571513	OK	 
USER	Pago de servicios con concurrencia alta	60	END	1746056570804	1746056571515
REQUEST	124		PagoDeServicios	1746056570815	1746056571517	OK	 
REQUEST	111		PagoDeServicios	1746056570813	1746056571518	OK	 
USER	Pago de servicios con concurrencia alta	124	END	1746056570815	1746056571518
USER	Pago de servicios con concurrencia alta	111	END	1746056570812	1746056571518
REQUEST	109		PagoDeServicios	1746056570813	1746056571533	OK	 
REQUEST	64		PagoDeServicios	1746056570805	1746056571533	OK	 
REQUEST	193		PagoDeServicios	1746056570830	1746056571533	OK	 
REQUEST	152		PagoDeServicios	1746056570821	1746056571534	OK	 
USER	Pago de servicios con concurrencia alta	109	END	1746056570812	1746056571534
USER	Pago de servicios con concurrencia alta	152	END	1746056570821	1746056571534
USER	Pago de servicios con concurrencia alta	193	END	1746056570830	1746056571534
USER	Pago de servicios con concurrencia alta	64	END	1746056570804	1746056571535
REQUEST	105		PagoDeServicios	1746056570812	1746056571535	OK	 
REQUEST	114		PagoDeServicios	1746056570813	1746056571535	OK	 
USER	Pago de servicios con concurrencia alta	105	END	1746056570811	1746056571536
USER	Pago de servicios con concurrencia alta	114	END	1746056570813	1746056571536
REQUEST	107		PagoDeServicios	1746056570817	1746056571536	OK	 
USER	Pago de servicios con concurrencia alta	107	END	1746056570812	1746056571537
REQUEST	174		PagoDeServicios	1746056570826	1746056571541	OK	 
USER	Pago de servicios con concurrencia alta	174	END	1746056570826	1746056571542
REQUEST	160		PagoDeServicios	1746056570823	1746056571549	OK	 
REQUEST	179		PagoDeServicios	1746056570828	1746056571550	OK	 
USER	Pago de servicios con concurrencia alta	160	END	1746056570822	1746056571550
USER	Pago de servicios con concurrencia alta	179	END	1746056570827	1746056571551
REQUEST	48		PagoDeServicios	1746056570802	1746056571551	OK	 
USER	Pago de servicios con concurrencia alta	48	END	1746056570802	1746056571552
REQUEST	67		PagoDeServicios	1746056570805	1746056571559	OK	 
USER	Pago de servicios con concurrencia alta	67	END	1746056570805	1746056571560
REQUEST	39		PagoDeServicios	1746056570801	1746056571562	OK	 
REQUEST	14		PagoDeServicios	1746056570783	1746056571562	OK	 
REQUEST	161		PagoDeServicios	1746056570823	1746056571563	OK	 
REQUEST	77		PagoDeServicios	1746056570807	1746056571563	OK	 
USER	Pago de servicios con concurrencia alta	161	END	1746056570822	1746056571564
USER	Pago de servicios con concurrencia alta	39	END	1746056570800	1746056571564
USER	Pago de servicios con concurrencia alta	14	END	1746056570652	1746056571565
USER	Pago de servicios con concurrencia alta	77	END	1746056570807	1746056571565
REQUEST	73		PagoDeServicios	1746056570807	1746056571565	OK	 
REQUEST	62		PagoDeServicios	1746056570804	1746056571566	OK	 
USER	Pago de servicios con concurrencia alta	62	END	1746056570804	1746056571567
USER	Pago de servicios con concurrencia alta	73	END	1746056570806	1746056571567
REQUEST	78		PagoDeServicios	1746056570811	1746056571569	OK	 
USER	Pago de servicios con concurrencia alta	78	END	1746056570807	1746056571570
REQUEST	122		PagoDeServicios	1746056570815	1746056571579	OK	 
REQUEST	56		PagoDeServicios	1746056570804	1746056571579	OK	 
REQUEST	149		PagoDeServicios	1746056570821	1746056571579	OK	 
REQUEST	155		PagoDeServicios	1746056570822	1746056571579	OK	 
REQUEST	92		PagoDeServicios	1746056570810	1746056571580	OK	 
REQUEST	168		PagoDeServicios	1746056570826	1746056571582	OK	 
USER	Pago de servicios con concurrencia alta	122	END	1746056570815	1746056571581
USER	Pago de servicios con concurrencia alta	149	END	1746056570820	1746056571581
USER	Pago de servicios con concurrencia alta	56	END	1746056570803	1746056571581
USER	Pago de servicios con concurrencia alta	155	END	1746056570821	1746056571581
USER	Pago de servicios con concurrencia alta	92	END	1746056570810	1746056571584
USER	Pago de servicios con concurrencia alta	168	END	1746056570824	1746056571585
REQUEST	104		PagoDeServicios	1746056570812	1746056571586	OK	 
REQUEST	157		PagoDeServicios	1746056570834	1746056571587	OK	 
USER	Pago de servicios con concurrencia alta	104	END	1746056570811	1746056571587
USER	Pago de servicios con concurrencia alta	157	END	1746056570822	1746056571588
REQUEST	156		PagoDeServicios	1746056570822	1746056571596	OK	 
REQUEST	144		PagoDeServicios	1746056570819	1746056571597	OK	 
REQUEST	25		PagoDeServicios	1746056570837	1746056571597	OK	 
REQUEST	139		PagoDeServicios	1746056570818	1746056571598	OK	 
REQUEST	116		PagoDeServicios	1746056570816	1746056571600	OK	 
REQUEST	199		PagoDeServicios	1746056570832	1746056571600	OK	 
REQUEST	185		PagoDeServicios	1746056570828	1746056571600	OK	 
USER	Pago de servicios con concurrencia alta	156	END	1746056570821	1746056571599
REQUEST	80		PagoDeServicios	1746056570808	1746056571600	OK	 
USER	Pago de servicios con concurrencia alta	144	END	1746056570818	1746056571599
USER	Pago de servicios con concurrencia alta	25	END	1746056570798	1746056571599
USER	Pago de servicios con concurrencia alta	139	END	1746056570818	1746056571600
USER	Pago de servicios con concurrencia alta	116	END	1746056570813	1746056571601
USER	Pago de servicios con concurrencia alta	185	END	1746056570828	1746056571601
USER	Pago de servicios con concurrencia alta	199	END	1746056570831	1746056571601
USER	Pago de servicios con concurrencia alta	80	END	1746056570807	1746056571602
REQUEST	172		PagoDeServicios	1746056570825	1746056571613	OK	 
REQUEST	112		PagoDeServicios	1746056570813	1746056571613	OK	 
REQUEST	184		PagoDeServicios	1746056570828	1746056571613	OK	 
USER	Pago de servicios con concurrencia alta	172	END	1746056570825	1746056571615
REQUEST	176		PagoDeServicios	1746056570827	1746056571615	OK	 
USER	Pago de servicios con concurrencia alta	112	END	1746056570813	1746056571615
USER	Pago de servicios con concurrencia alta	184	END	1746056570828	1746056571615
REQUEST	181		PagoDeServicios	1746056570828	1746056571616	OK	 
REQUEST	126		PagoDeServicios	1746056570816	1746056571616	OK	 
USER	Pago de servicios con concurrencia alta	176	END	1746056570826	1746056571617
USER	Pago de servicios con concurrencia alta	126	END	1746056570815	1746056571617
USER	Pago de servicios con concurrencia alta	181	END	1746056570827	1746056571617
REQUEST	143		PagoDeServicios	1746056570819	1746056571618	OK	 
REQUEST	117		PagoDeServicios	1746056570815	1746056571618	OK	 
USER	Pago de servicios con concurrencia alta	143	END	1746056570818	1746056571619
USER	Pago de servicios con concurrencia alta	117	END	1746056570813	1746056571619
REQUEST	125		PagoDeServicios	1746056570816	1746056571625	OK	 
REQUEST	190		PagoDeServicios	1746056570830	1746056571625	OK	 
USER	Pago de servicios con concurrencia alta	190	END	1746056570829	1746056571626
USER	Pago de servicios con concurrencia alta	125	END	1746056570815	1746056571626
REQUEST	41		PagoDeServicios	1746056570801	1746056571627	OK	 
USER	Pago de servicios con concurrencia alta	41	END	1746056570800	1746056571628
REQUEST	65		PagoDeServicios	1746056570806	1746056571631	OK	 
USER	Pago de servicios con concurrencia alta	65	END	1746056570805	1746056571633
REQUEST	11		PagoDeServicios	1746056570783	1746056571643	OK	 
REQUEST	147		PagoDeServicios	1746056570832	1746056571643	OK	 
USER	Pago de servicios con concurrencia alta	147	END	1746056570819	1746056571644
USER	Pago de servicios con concurrencia alta	11	END	1746056570651	1746056571644
REQUEST	115		PagoDeServicios	1746056570813	1746056571644	OK	 
USER	Pago de servicios con concurrencia alta	115	END	1746056570813	1746056571645
REQUEST	68		PagoDeServicios	1746056570805	1746056571650	OK	 
REQUEST	154		PagoDeServicios	1746056570822	1746056571650	OK	 
USER	Pago de servicios con concurrencia alta	154	END	1746056570821	1746056571651
USER	Pago de servicios con concurrencia alta	68	END	1746056570805	1746056571651
REQUEST	131		PagoDeServicios	1746056570825	1746056571655	OK	 
REQUEST	97		PagoDeServicios	1746056570811	1746056571655	OK	 
USER	Pago de servicios con concurrencia alta	131	END	1746056570817	1746056571656
USER	Pago de servicios con concurrencia alta	97	END	1746056570810	1746056571656
REQUEST	171		PagoDeServicios	1746056570825	1746056571659	OK	 
USER	Pago de servicios con concurrencia alta	171	END	1746056570825	1746056571660
REQUEST	113		PagoDeServicios	1746056570813	1746056571662	OK	 
REQUEST	137		PagoDeServicios	1746056570822	1746056571662	OK	 
REQUEST	69		PagoDeServicios	1746056570806	1746056571662	OK	 
USER	Pago de servicios con concurrencia alta	113	END	1746056570813	1746056571663
USER	Pago de servicios con concurrencia alta	137	END	1746056570817	1746056571663
USER	Pago de servicios con concurrencia alta	69	END	1746056570805	1746056571663
REQUEST	102		PagoDeServicios	1746056570812	1746056571663	OK	 
USER	Pago de servicios con concurrencia alta	102	END	1746056570811	1746056571664
REQUEST	165		PagoDeServicios	1746056570824	1746056571666	OK	 
USER	Pago de servicios con concurrencia alta	165	END	1746056570823	1746056571666
REQUEST	5		PagoDeServicios	1746056570783	1746056571670	OK	 
REQUEST	99		PagoDeServicios	1746056570828	1746056571671	OK	 
USER	Pago de servicios con concurrencia alta	5	END	1746056570650	1746056571671
USER	Pago de servicios con concurrencia alta	99	END	1746056570811	1746056571672
REQUEST	142		PagoDeServicios	1746056570819	1746056571673	OK	 
USER	Pago de servicios con concurrencia alta	142	END	1746056570818	1746056571674
REQUEST	82		PagoDeServicios	1746056570808	1746056571678	OK	 
USER	Pago de servicios con concurrencia alta	82	END	1746056570808	1746056571680
REQUEST	134		PagoDeServicios	1746056570817	1746056571683	OK	 
USER	Pago de servicios con concurrencia alta	134	END	1746056570817	1746056571685
REQUEST	96		PagoDeServicios	1746056570811	1746056571685	OK	 
USER	Pago de servicios con concurrencia alta	96	END	1746056570810	1746056571686
REQUEST	120		PagoDeServicios	1746056570815	1746056571695	OK	 
REQUEST	61		PagoDeServicios	1746056570804	1746056571695	OK	 
REQUEST	86		PagoDeServicios	1746056570809	1746056571695	OK	 
REQUEST	162		PagoDeServicios	1746056570823	1746056571695	OK	 
REQUEST	21		PagoDeServicios	1746056570783	1746056571695	OK	 
USER	Pago de servicios con concurrencia alta	120	END	1746056570814	1746056571696
USER	Pago de servicios con concurrencia alta	61	END	1746056570804	1746056571696
USER	Pago de servicios con concurrencia alta	86	END	1746056570808	1746056571696
REQUEST	164		PagoDeServicios	1746056570824	1746056571698	OK	 
USER	Pago de servicios con concurrencia alta	162	END	1746056570822	1746056571696
REQUEST	95		PagoDeServicios	1746056570811	1746056571698	OK	 
USER	Pago de servicios con concurrencia alta	21	END	1746056570655	1746056571698
USER	Pago de servicios con concurrencia alta	95	END	1746056570810	1746056571700
USER	Pago de servicios con concurrencia alta	164	END	1746056570823	1746056571700
REQUEST	177		PagoDeServicios	1746056570827	1746056571749	OK	 
USER	Pago de servicios con concurrencia alta	177	END	1746056570826	1746056571751
REQUEST	51		PagoDeServicios	1746056570803	1746056571752	OK	 
REQUEST	191		PagoDeServicios	1746056570830	1746056571752	OK	 
USER	Pago de servicios con concurrencia alta	51	END	1746056570802	1746056571753
USER	Pago de servicios con concurrencia alta	191	END	1746056570829	1746056571753
REQUEST	66		PagoDeServicios	1746056570805	1746056571755	OK	 
USER	Pago de servicios con concurrencia alta	66	END	1746056570805	1746056571757
REQUEST	192		PagoDeServicios	1746056570830	1746056571772	OK	 
USER	Pago de servicios con concurrencia alta	192	END	1746056570829	1746056571774
REQUEST	3		PagoDeServicios	1746056570783	1746056571783	OK	 
REQUEST	85		PagoDeServicios	1746056570809	1746056571785	OK	 
USER	Pago de servicios con concurrencia alta	3	END	1746056570649	1746056571785
USER	Pago de servicios con concurrencia alta	85	END	1746056570808	1746056571787
REQUEST	87		PagoDeServicios	1746056570809	1746056571787	OK	 
REQUEST	158		PagoDeServicios	1746056570822	1746056571788	OK	 
USER	Pago de servicios con concurrencia alta	87	END	1746056570809	1746056571789
USER	Pago de servicios con concurrencia alta	158	END	1746056570822	1746056571790
REQUEST	180		PagoDeServicios	1746056570828	1746056571793	OK	 
USER	Pago de servicios con concurrencia alta	180	END	1746056570827	1746056571794
REQUEST	101		PagoDeServicios	1746056570812	1746056571809	OK	 
REQUEST	46		PagoDeServicios	1746056570802	1746056571809	OK	 
REQUEST	127		PagoDeServicios	1746056570816	1746056571810	OK	 
REQUEST	146		PagoDeServicios	1746056570819	1746056571810	OK	 
USER	Pago de servicios con concurrencia alta	101	END	1746056570811	1746056571811
USER	Pago de servicios con concurrencia alta	46	END	1746056570802	1746056571811
USER	Pago de servicios con concurrencia alta	127	END	1746056570816	1746056571811
USER	Pago de servicios con concurrencia alta	146	END	1746056570819	1746056571811
REQUEST	175		PagoDeServicios	1746056570826	1746056571812	OK	 
REQUEST	110		PagoDeServicios	1746056570813	1746056571812	OK	 
USER	Pago de servicios con concurrencia alta	175	END	1746056570826	1746056571813
USER	Pago de servicios con concurrencia alta	110	END	1746056570812	1746056571813
REQUEST	187		PagoDeServicios	1746056570830	1746056571814	OK	 
REQUEST	94		PagoDeServicios	1746056570810	1746056571814	OK	 
USER	Pago de servicios con concurrencia alta	187	END	1746056570828	1746056571816
USER	Pago de servicios con concurrencia alta	94	END	1746056570810	1746056571816
REQUEST	103		PagoDeServicios	1746056570812	1746056571819	OK	 
REQUEST	200		PagoDeServicios	1746056570832	1746056571820	OK	 
USER	Pago de servicios con concurrencia alta	103	END	1746056570811	1746056571820
USER	Pago de servicios con concurrencia alta	200	END	1746056570831	1746056571821
REQUEST	136		PagoDeServicios	1746056570818	1746056571825	OK	 
USER	Pago de servicios con concurrencia alta	136	END	1746056570817	1746056571826
REQUEST	34		PagoDeServicios	1746056570799	1746056571833	OK	 
REQUEST	188		PagoDeServicios	1746056570829	1746056571833	OK	 
REQUEST	133		PagoDeServicios	1746056570817	1746056571833	OK	 
REQUEST	15		PagoDeServicios	1746056570784	1746056571833	OK	 
USER	Pago de servicios con concurrencia alta	15	END	1746056570652	1746056571834
USER	Pago de servicios con concurrencia alta	133	END	1746056570817	1746056571834
USER	Pago de servicios con concurrencia alta	188	END	1746056570828	1746056571834
USER	Pago de servicios con concurrencia alta	34	END	1746056570799	1746056571834
REQUEST	167		PagoDeServicios	1746056570824	1746056571835	OK	 
USER	Pago de servicios con concurrencia alta	167	END	1746056570824	1746056571836
REQUEST	76		PagoDeServicios	1746056570807	1746056571841	OK	 
USER	Pago de servicios con concurrencia alta	76	END	1746056570807	1746056571842
REQUEST	166		PagoDeServicios	1746056570824	1746056571843	OK	 
REQUEST	169		PagoDeServicios	1746056570825	1746056571843	OK	 
USER	Pago de servicios con concurrencia alta	169	END	1746056570824	1746056571844
USER	Pago de servicios con concurrencia alta	166	END	1746056570824	1746056571845
REQUEST	128		PagoDeServicios	1746056570817	1746056571846	OK	 
REQUEST	37		PagoDeServicios	1746056570800	1746056571846	OK	 
USER	Pago de servicios con concurrencia alta	37	END	1746056570800	1746056571848
USER	Pago de servicios con concurrencia alta	128	END	1746056570816	1746056571848
REQUEST	182		PagoDeServicios	1746056570828	1746056571850	OK	 
REQUEST	163		PagoDeServicios	1746056570823	1746056571850	OK	 
USER	Pago de servicios con concurrencia alta	182	END	1746056570827	1746056571851
USER	Pago de servicios con concurrencia alta	163	END	1746056570823	1746056571852
REQUEST	53		PagoDeServicios	1746056570803	1746056571854	OK	 
REQUEST	108		PagoDeServicios	1746056570812	1746056571856	OK	 
USER	Pago de servicios con concurrencia alta	53	END	1746056570803	1746056571856
USER	Pago de servicios con concurrencia alta	108	END	1746056570812	1746056571857
REQUEST	151		PagoDeServicios	1746056570820	1746056571858	OK	 
USER	Pago de servicios con concurrencia alta	151	END	1746056570820	1746056571859
REQUEST	197		PagoDeServicios	1746056570831	1746056571860	OK	 
USER	Pago de servicios con concurrencia alta	197	END	1746056570831	1746056571861
REQUEST	153		PagoDeServicios	1746056570821	1746056571866	OK	 
REQUEST	119		PagoDeServicios	1746056570815	1746056571866	OK	 
REQUEST	170		PagoDeServicios	1746056570825	1746056571867	OK	 
USER	Pago de servicios con concurrencia alta	119	END	1746056570814	1746056571868
USER	Pago de servicios con concurrencia alta	153	END	1746056570821	1746056571868
USER	Pago de servicios con concurrencia alta	170	END	1746056570824	1746056571869
REQUEST	135		PagoDeServicios	1746056570817	1746056571869	OK	 
REQUEST	132		PagoDeServicios	1746056570824	1746056571870	OK	 
USER	Pago de servicios con concurrencia alta	135	END	1746056570817	1746056571870
REQUEST	130		PagoDeServicios	1746056570817	1746056571870	OK	 
USER	Pago de servicios con concurrencia alta	130	END	1746056570816	1746056571871
USER	Pago de servicios con concurrencia alta	132	END	1746056570817	1746056571871
REQUEST	183		PagoDeServicios	1746056570828	1746056571872	OK	 
USER	Pago de servicios con concurrencia alta	183	END	1746056570828	1746056571873
REQUEST	26		PagoDeServicios	1746056570799	1746056571876	OK	 
USER	Pago de servicios con concurrencia alta	26	END	1746056570798	1746056571877
REQUEST	148		PagoDeServicios	1746056570820	1746056572521	OK	 
USER	Pago de servicios con concurrencia alta	148	END	1746056570819	1746056572522
REQUEST	145		PagoDeServicios	1746056570820	1746056572526	OK	 
REQUEST	189		PagoDeServicios	1746056570829	1746056572526	OK	 
USER	Pago de servicios con concurrencia alta	189	END	1746056570828	1746056572527
USER	Pago de servicios con concurrencia alta	145	END	1746056570819	1746056572528
REQUEST	90		PagoDeServicios	1746056570810	1746056572530	OK	 
REQUEST	129		PagoDeServicios	1746056570817	1746056572530	OK	 
USER	Pago de servicios con concurrencia alta	90	END	1746056570809	1746056572532
USER	Pago de servicios con concurrencia alta	129	END	1746056570816	1746056572532
REQUEST	194		PagoDeServicios	1746056570831	1746056572532	OK	 
USER	Pago de servicios con concurrencia alta	194	END	1746056570830	1746056572533
REQUEST	123		PagoDeServicios	1746056570815	1746056572535	OK	 
USER	Pago de servicios con concurrencia alta	123	END	1746056570815	1746056572536
REQUEST	59		PagoDeServicios	1746056570805	1746056572537	OK	 
USER	Pago de servicios con concurrencia alta	59	END	1746056570803	1746056572538
REQUEST	140		PagoDeServicios	1746056570818	1746056572539	OK	 
USER	Pago de servicios con concurrencia alta	140	END	1746056570818	1746056572540
REQUEST	141		PagoDeServicios	1746056570820	1746056572543	OK	 
USER	Pago de servicios con concurrencia alta	141	END	1746056570818	1746056572544
REQUEST	31		PagoDeServicios	1746056570801	1746056572546	OK	 
REQUEST	150		PagoDeServicios	1746056570820	1746056572546	OK	 
USER	Pago de servicios con concurrencia alta	31	END	1746056570799	1746056572547
USER	Pago de servicios con concurrencia alta	150	END	1746056570820	1746056572547
REQUEST	198		PagoDeServicios	1746056570831	1746056572547	OK	 
USER	Pago de servicios con concurrencia alta	198	END	1746056570831	1746056572549
REQUEST	173		PagoDeServicios	1746056570826	1746056572551	OK	 
USER	Pago de servicios con concurrencia alta	173	END	1746056570825	1746056572552
REQUEST	93		PagoDeServicios	1746056570810	1746056572553	OK	 
USER	Pago de servicios con concurrencia alta	93	END	1746056570810	1746056572554
REQUEST	159		PagoDeServicios	1746056570822	1746056572557	OK	 
USER	Pago de servicios con concurrencia alta	159	END	1746056570822	1746056572559
REQUEST	196		PagoDeServicios	1746056570831	1746056572643	OK	 
USER	Pago de servicios con concurrencia alta	196	END	1746056570830	1746056572644
REQUEST	74		PagoDeServicios	1746056570807	1746056581220	OK	 
USER	Pago de servicios con concurrencia alta	74	END	1746056570806	1746056581222
REQUEST	2		PagoDeServicios	1746056570783	1746056581237	OK	 
USER	Pago de servicios con concurrencia alta	2	END	1746056570649	1746056581239
REQUEST	100		PagoDeServicios	1746056570811	1746056581240	OK	 
USER	Pago de servicios con concurrencia alta	100	END	1746056570811	1746056581241
REQUEST	88		PagoDeServicios	1746056570809	1746056581249	OK	 
REQUEST	81		PagoDeServicios	1746056570808	1746056581249	OK	 
USER	Pago de servicios con concurrencia alta	88	END	1746056570809	1746056581251
USER	Pago de servicios con concurrencia alta	81	END	1746056570808	1746056581251
REQUEST	106		PagoDeServicios	1746056570813	1746056581257	OK	 
USER	Pago de servicios con concurrencia alta	106	END	1746056570812	1746056581259
REQUEST	84		PagoDeServicios	1746056570809	1746056581263	OK	 
REQUEST	186		PagoDeServicios	1746056570839	1746056581264	OK	 
USER	Pago de servicios con concurrencia alta	84	END	1746056570808	1746056581266
USER	Pago de servicios con concurrencia alta	186	END	1746056570828	1746056581267
REQUEST	178		PagoDeServicios	1746056570827	1746056581291	OK	 
USER	Pago de servicios con concurrencia alta	178	END	1746056570826	1746056581293
REQUEST	70		PagoDeServicios	1746056570806	1746056581350	OK	 
USER	Pago de servicios con concurrencia alta	70	END	1746056570806	1746056581352
